                                 Started job on |	Sep 26 23:11:28
                             Started mapping on |	Sep 26 23:42:49
                                    Finished on |	Sep 27 02:08:55
       Mapping speed, Million of reads per hour |	25.33

                          Number of input reads |	61674536
                      Average input read length |	101
                                    UNIQUE READS:
                   Uniquely mapped reads number |	50561019
                        Uniquely mapped reads % |	81.98%
                          Average mapped length |	101.62
                       Number of splices: Total |	20062126
            Number of splices: Annotated (sjdb) |	20047559
                       Number of splices: GT/AG |	19873836
                       Number of splices: GC/AG |	157921
                       Number of splices: AT/AC |	17301
               Number of splices: Non-canonical |	13068
                      Mismatch rate per base, % |	0.18%
                         Deletion rate per base |	0.00%
                        Deletion average length |	1.50
                        Insertion rate per base |	0.01%
                       Insertion average length |	1.25
                             MULTI-MAPPING READS:
        Number of reads mapped to multiple loci |	10194077
             % of reads mapped to multiple loci |	16.53%
        Number of reads mapped to too many loci |	37305
             % of reads mapped to too many loci |	0.06%
                                  UNMAPPED READS:
  Number of reads unmapped: too many mismatches |	0
       % of reads unmapped: too many mismatches |	0.00%
            Number of reads unmapped: too short |	861099
                 % of reads unmapped: too short |	1.40%
                Number of reads unmapped: other |	21036
                     % of reads unmapped: other |	0.03%
                                  CHIMERIC READS:
                       Number of chimeric reads |	0
                            % of chimeric reads |	0.00%
