                                 Started job on |	Sep 09 05:04:35
                             Started mapping on |	Sep 09 05:26:36
                                    Finished on |	Sep 09 06:08:39
       Mapping speed, Million of reads per hour |	87.90

                          Number of input reads |	61604639
                      Average input read length |	101
                                    UNIQUE READS:
                   Uniquely mapped reads number |	55226448
                        Uniquely mapped reads % |	89.65%
                          Average mapped length |	101.61
                       Number of splices: Total |	20855033
            Number of splices: Annotated (sjdb) |	20839491
                       Number of splices: GT/AG |	20629478
                       Number of splices: GC/AG |	187496
                       Number of splices: AT/AC |	24334
               Number of splices: Non-canonical |	13725
                      Mismatch rate per base, % |	0.19%
                         Deletion rate per base |	0.00%
                        Deletion average length |	1.49
                        Insertion rate per base |	0.01%
                       Insertion average length |	1.25
                             MULTI-MAPPING READS:
        Number of reads mapped to multiple loci |	5412804
             % of reads mapped to multiple loci |	8.79%
        Number of reads mapped to too many loci |	30684
             % of reads mapped to too many loci |	0.05%
                                  UNMAPPED READS:
  Number of reads unmapped: too many mismatches |	0
       % of reads unmapped: too many mismatches |	0.00%
            Number of reads unmapped: too short |	911219
                 % of reads unmapped: too short |	1.48%
                Number of reads unmapped: other |	23484
                     % of reads unmapped: other |	0.04%
                                  CHIMERIC READS:
                       Number of chimeric reads |	0
                            % of chimeric reads |	0.00%
