                                 Started job on |	Sep 09 00:48:33
                             Started mapping on |	Sep 09 01:43:22
                                    Finished on |	Sep 09 05:03:54
       Mapping speed, Million of reads per hour |	16.68

                          Number of input reads |	55737870
                      Average input read length |	101
                                    UNIQUE READS:
                   Uniquely mapped reads number |	49646340
                        Uniquely mapped reads % |	89.07%
                          Average mapped length |	101.55
                       Number of splices: Total |	18848502
            Number of splices: Annotated (sjdb) |	18834026
                       Number of splices: GT/AG |	18648299
                       Number of splices: GC/AG |	165925
                       Number of splices: AT/AC |	21636
               Number of splices: Non-canonical |	12642
                      Mismatch rate per base, % |	0.19%
                         Deletion rate per base |	0.00%
                        Deletion average length |	1.50
                        Insertion rate per base |	0.01%
                       Insertion average length |	1.25
                             MULTI-MAPPING READS:
        Number of reads mapped to multiple loci |	4871132
             % of reads mapped to multiple loci |	8.74%
        Number of reads mapped to too many loci |	30701
             % of reads mapped to too many loci |	0.06%
                                  UNMAPPED READS:
  Number of reads unmapped: too many mismatches |	0
       % of reads unmapped: too many mismatches |	0.00%
            Number of reads unmapped: too short |	1167874
                 % of reads unmapped: too short |	2.10%
                Number of reads unmapped: other |	21823
                     % of reads unmapped: other |	0.04%
                                  CHIMERIC READS:
                       Number of chimeric reads |	0
                            % of chimeric reads |	0.00%
